<?xml version="1.0" encoding="UTF-8" ?>
<testsuite tests="8" failures="0" name="WcUtilsTest" time="0.587" errors="0" skipped="0">
  <properties>
[...]
</properties>
  <testcase classname="WcUtilsTest" name="testOperation" time="0.018"/>
  <testcase classname="WcUtilsTest" name="testMain" time="0.56"/>
  <testcase classname="WcUtilsTest" name="testArrayDelete" time="0.001"/>
  <testcase classname="WcUtilsTest" name="testLineCounting" time="0.004"/>
  <testcase classname="WcUtilsTest" name="testWordCounting" time="0.001"/>
  <testcase classname="WcUtilsTest" name="testCharacterCounting" time="0.002"/>
  <testcase classname="WcUtilsTest" name="testRecursiveProcessing" time="0.001"/>
  <testcase classname="WcUtilsTest" name="testComplexDataCounting" time="0"/>
</testsuite>